Time    : 10:35:12
Command : Robot_updateBase1_ActionType
TargetID: 1
-------------------------------------------------------
Time    : 10:35:16
Command : Robot_updateBase2_ActionType
TargetID: 2
-------------------------------------------------------
Time    : 10:35:20
Command : Robot_updateBase3_ActionType
TargetID: 3
-------------------------------------------------------
Time    : 10:35:24
Command : Robot_toScan_ActionType
TargetID: 1
-------------------------------------------------------
Time    : 10:35:27
Command : CCD_StartScan_SN_ActionType
TargetID: 1
-------------------------------------------------------
Time    : 10:35:29
Command : Robot_toScanMAC_ActionType
TargetID: 1
-------------------------------------------------------
Time    : 10:35:32
Command : CCD_StartScan_MAC_ActionType
TargetID: 1
-------------------------------------------------------
Time    : 10:35:34
Command : Robot_toTooling_ActionType
TargetID: 1
-------------------------------------------------------
Time    : 10:35:38
Command : Tooling_PowerOn_ActionType
TargetID: 1
-------------------------------------------------------
Time    : 10:35:42
Command : Robot_updateTray_ActionType
TargetID: 0
-------------------------------------------------------
Time    : 10:39:35
Command : Robot_toScan_ActionType
TargetID: 2
-------------------------------------------------------
Time    : 10:39:38
Command : CCD_StartScan_SN_ActionType
TargetID: 2
-------------------------------------------------------
Time    : 10:39:39
Command : Robot_toScanMAC_ActionType
TargetID: 2
-------------------------------------------------------
Time    : 10:39:42
Command : CCD_StartScan_MAC_ActionType
TargetID: 2
-------------------------------------------------------
Time    : 10:39:43
Command : Robot_toTooling_ActionType
TargetID: 2
-------------------------------------------------------
Time    : 10:39:48
Command : Tooling_PowerOn_ActionType
TargetID: 2
-------------------------------------------------------
Time    : 10:39:52
Command : Robot_updateTray_ActionType
TargetID: 0
-------------------------------------------------------
Time    : 10:41:18
Command : Robot_toScan_ActionType
TargetID: 3
-------------------------------------------------------
Time    : 10:41:21
Command : CCD_StartScan_SN_ActionType
TargetID: 3
-------------------------------------------------------
Time    : 10:41:22
Command : Robot_toScanMAC_ActionType
TargetID: 3
-------------------------------------------------------
Time    : 10:41:25
Command : CCD_StartScan_MAC_ActionType
TargetID: 3
-------------------------------------------------------
Time    : 10:41:26
Command : Robot_toTooling_ActionType
TargetID: 3
-------------------------------------------------------
Time    : 10:41:30
Command : Tooling_PowerOn_ActionType
TargetID: 3
-------------------------------------------------------
Time    : 10:41:34
Command : Robot_updateTray_ActionType
TargetID: 0
-------------------------------------------------------
Time    : 10:49:41
Command : Tooling_PowerOff_ActionType
TargetID: 1
-------------------------------------------------------
Time    : 10:49:45
Command : Robot_toPASS_ActionType
TargetID: 1
-------------------------------------------------------
Time    : 10:49:50
Command : Robot_updateTray_ActionType
TargetID: 0
-------------------------------------------------------
Time    : 10:49:54
Command : Robot_toScan_ActionType
TargetID: 1
-------------------------------------------------------
Time    : 10:49:56
Command : CCD_StartScan_SN_ActionType
TargetID: 1
-------------------------------------------------------
Time    : 10:49:58
Command : Robot_toScanMAC_ActionType
TargetID: 1
-------------------------------------------------------
Time    : 10:50:00
Command : CCD_StartScan_MAC_ActionType
TargetID: 1
-------------------------------------------------------
Time    : 10:50:02
Command : Robot_toTooling_ActionType
TargetID: 1
-------------------------------------------------------
Time    : 10:50:06
Command : Tooling_PowerOn_ActionType
TargetID: 1
-------------------------------------------------------
Time    : 10:50:10
Command : Robot_updateTray_ActionType
TargetID: 0
-------------------------------------------------------
Time    : 10:52:13
Command : Tooling_PowerOff_ActionType
TargetID: 2
-------------------------------------------------------
Time    : 10:52:17
Command : Robot_toFAIL_ActionType
TargetID: 2
-------------------------------------------------------
Time    : 10:52:21
Command : Robot_updateTray_ActionType
TargetID: 0
-------------------------------------------------------
Time    : 10:52:25
Command : Robot_toScan_ActionType
TargetID: 2
-------------------------------------------------------
Time    : 10:52:28
Command : CCD_StartScan_SN_ActionType
TargetID: 2
-------------------------------------------------------
Time    : 10:52:29
Command : Robot_toScanMAC_ActionType
TargetID: 2
-------------------------------------------------------
Time    : 10:52:32
Command : CCD_StartScan_MAC_ActionType
TargetID: 2
-------------------------------------------------------
Time    : 10:52:33
Command : Robot_toTooling_ActionType
TargetID: 2
-------------------------------------------------------
Time    : 10:52:37
Command : Tooling_PowerOn_ActionType
TargetID: 2
-------------------------------------------------------
Time    : 10:52:41
Command : Robot_updateTray_ActionType
TargetID: 0
-------------------------------------------------------
Time    : 10:56:24
Command : Tooling_PowerOff_ActionType
TargetID: 1
-------------------------------------------------------
Time    : 10:56:28
Command : Robot_toFAIL_ActionType
TargetID: 1
-------------------------------------------------------
Time    : 10:56:32
Command : Robot_updateTray_ActionType
TargetID: 0
-------------------------------------------------------
Time    : 10:56:37
Command : Robot_toScan_ActionType
TargetID: 1
-------------------------------------------------------
Time    : 10:56:39
Command : CCD_StartScan_SN_ActionType
TargetID: 1
-------------------------------------------------------
Time    : 10:56:41
Command : Robot_toScanMAC_ActionType
TargetID: 1
-------------------------------------------------------
Time    : 10:56:43
Command : CCD_StartScan_MAC_ActionType
TargetID: 1
-------------------------------------------------------
Time    : 10:56:45
Command : Robot_toTooling_ActionType
TargetID: 1
-------------------------------------------------------
Time    : 10:56:49
Command : Tooling_PowerOn_ActionType
TargetID: 1
-------------------------------------------------------
Time    : 10:56:53
Command : Robot_updateTray_ActionType
TargetID: 0
-------------------------------------------------------
Time    : 10:58:55
Command : Tooling_PowerOff_ActionType
TargetID: 2
-------------------------------------------------------
Time    : 10:58:59
Command : Robot_toFAIL_ActionType
TargetID: 2
-------------------------------------------------------
Time    : 10:59:03
Command : Robot_updateTray_ActionType
TargetID: 0
-------------------------------------------------------
Time    : 10:59:07
Command : Robot_toScan_ActionType
TargetID: 2
-------------------------------------------------------
Time    : 10:59:10
Command : CCD_StartScan_SN_ActionType
TargetID: 2
-------------------------------------------------------
Time    : 10:59:11
Command : Robot_toScanMAC_ActionType
TargetID: 2
-------------------------------------------------------
Time    : 10:59:14
Command : CCD_StartScan_MAC_ActionType
TargetID: 2
-------------------------------------------------------
Time    : 10:59:15
Command : Robot_toTooling_ActionType
TargetID: 2
-------------------------------------------------------
Time    : 10:59:19
Command : Tooling_PowerOn_ActionType
TargetID: 2
-------------------------------------------------------
Time    : 10:59:23
Command : Robot_updateTray_ActionType
TargetID: 0
-------------------------------------------------------
Time    : 10:59:27
Command : Tooling_PowerOff_ActionType
TargetID: 3
-------------------------------------------------------
Time    : 10:59:31
Command : Robot_toFAIL_ActionType
TargetID: 3
-------------------------------------------------------
Time    : 10:59:35
Command : Robot_updateTray_ActionType
TargetID: 0
-------------------------------------------------------
Time    : 10:59:40
Command : Robot_toScan_ActionType
TargetID: 3
-------------------------------------------------------
Time    : 10:59:42
Command : CCD_StartScan_SN_ActionType
TargetID: 3
-------------------------------------------------------
Time    : 10:59:44
Command : Robot_toScanMAC_ActionType
TargetID: 3
-------------------------------------------------------
Time    : 10:59:46
Command : CCD_StartScan_MAC_ActionType
TargetID: 3
-------------------------------------------------------
Time    : 10:59:48
Command : Robot_toTooling_ActionType
TargetID: 3
-------------------------------------------------------
Time    : 10:59:52
Command : Tooling_PowerOn_ActionType
TargetID: 3
-------------------------------------------------------
Time    : 10:59:56
Command : Robot_updateTray_ActionType
TargetID: 0
-------------------------------------------------------
Time    : 11:03:07
Command : Tooling_PowerOff_ActionType
TargetID: 1
-------------------------------------------------------
Time    : 11:03:11
Command : Robot_toFAIL_ActionType
TargetID: 1
-------------------------------------------------------
Time    : 11:03:15
Command : Robot_updateTray_ActionType
TargetID: 0
-------------------------------------------------------
Time    : 11:03:19
Command : Robot_toScan_ActionType
TargetID: 1
-------------------------------------------------------
Time    : 11:03:22
Command : CCD_StartScan_SN_ActionType
TargetID: 1
-------------------------------------------------------
Time    : 11:03:23
Command : Robot_toScanMAC_ActionType
TargetID: 1
-------------------------------------------------------
Time    : 11:03:26
Command : CCD_StartScan_MAC_ActionType
TargetID: 1
-------------------------------------------------------
Time    : 11:03:27
Command : Robot_toTooling_ActionType
TargetID: 1
-------------------------------------------------------
Time    : 11:03:31
Command : Tooling_PowerOn_ActionType
TargetID: 1
-------------------------------------------------------
Time    : 11:03:35
Command : Robot_updateTray_ActionType
TargetID: 0
-------------------------------------------------------
Time    : 11:05:37
Command : Tooling_PowerOff_ActionType
TargetID: 2
-------------------------------------------------------
Time    : 11:05:41
Command : Robot_toFAIL_ActionType
TargetID: 2
-------------------------------------------------------
Time    : 11:05:45
Command : Robot_updateTray_ActionType
TargetID: 0
-------------------------------------------------------
Time    : 11:05:49
Command : Robot_toScan_ActionType
TargetID: 2
-------------------------------------------------------
Time    : 11:05:52
Command : CCD_StartScan_SN_ActionType
TargetID: 2
-------------------------------------------------------
Time    : 11:05:53
Command : Robot_toScanMAC_ActionType
TargetID: 2
-------------------------------------------------------
Time    : 11:05:56
Command : CCD_StartScan_MAC_ActionType
TargetID: 2
-------------------------------------------------------
Time    : 11:05:57
Command : Robot_toTooling_ActionType
TargetID: 2
-------------------------------------------------------
Time    : 11:06:01
Command : Tooling_PowerOn_ActionType
TargetID: 2
-------------------------------------------------------
Time    : 11:06:05
Command : Robot_updateTray_ActionType
TargetID: 0
-------------------------------------------------------
Time    : 11:06:10
Command : Tooling_PowerOff_ActionType
TargetID: 3
-------------------------------------------------------
Time    : 11:06:14
Command : Robot_toFAIL_ActionType
TargetID: 3
-------------------------------------------------------
Time    : 11:06:18
Command : Robot_updateTray_ActionType
TargetID: 0
-------------------------------------------------------
Time    : 11:06:22
Command : Robot_toScan_ActionType
TargetID: 3
-------------------------------------------------------
Time    : 11:06:24
Command : CCD_StartScan_SN_ActionType
TargetID: 3
-------------------------------------------------------
Time    : 11:06:26
Command : Robot_toScanMAC_ActionType
TargetID: 3
-------------------------------------------------------
Time    : 11:06:28
Command : CCD_StartScan_MAC_ActionType
TargetID: 3
-------------------------------------------------------
Time    : 11:06:30
Command : Robot_toTooling_ActionType
TargetID: 3
-------------------------------------------------------
Time    : 11:06:34
Command : Tooling_PowerOn_ActionType
TargetID: 3
-------------------------------------------------------
Time    : 11:06:38
Command : Robot_updateTray_ActionType
TargetID: 0
-------------------------------------------------------
Time    : 11:09:50
Command : Tooling_PowerOff_ActionType
TargetID: 1
-------------------------------------------------------
Time    : 11:09:54
Command : Robot_toFAIL_ActionType
TargetID: 1
-------------------------------------------------------
Time    : 11:09:58
Command : Robot_updateTray_ActionType
TargetID: 0
-------------------------------------------------------
Time    : 11:10:02
Command : Robot_toScan_ActionType
TargetID: 1
-------------------------------------------------------
Time    : 11:10:05
Command : CCD_StartScan_SN_ActionType
TargetID: 1
-------------------------------------------------------
Time    : 11:10:07
Command : Robot_toScanMAC_ActionType
TargetID: 1
-------------------------------------------------------
Time    : 11:10:09
Command : CCD_StartScan_MAC_ActionType
TargetID: 1
-------------------------------------------------------
Time    : 11:10:11
Command : Robot_toTooling_ActionType
TargetID: 1
-------------------------------------------------------
Time    : 11:10:15
Command : Tooling_PowerOn_ActionType
TargetID: 1
-------------------------------------------------------
Time    : 11:10:20
Command : Robot_updateTray_ActionType
TargetID: 0
-------------------------------------------------------
Time    : 11:20:03
Command : Robot_toScan_ActionType
TargetID: 1
-------------------------------------------------------
Time    : 11:20:05
Command : CCD_StartScan_SN_ActionType
TargetID: 1
-------------------------------------------------------
Time    : 11:20:07
Command : Robot_toScanMAC_ActionType
TargetID: 1
-------------------------------------------------------
Time    : 11:20:09
Command : CCD_StartScan_MAC_ActionType
TargetID: 1
-------------------------------------------------------
Time    : 11:20:11
Command : Robot_toTooling_ActionType
TargetID: 1
-------------------------------------------------------
Time    : 11:20:15
Command : Tooling_PowerOn_ActionType
TargetID: 1
-------------------------------------------------------
Time    : 11:20:19
Command : Robot_toScan_ActionType
TargetID: 1
-------------------------------------------------------
Time    : 11:20:21
Command : CCD_StartScan_SN_ActionType
TargetID: 1
-------------------------------------------------------
Time    : 11:20:23
Command : Robot_toScanMAC_ActionType
TargetID: 1
-------------------------------------------------------
Time    : 11:20:27
Command : CCD_StartScan_MAC_ActionType
TargetID: 1
-------------------------------------------------------
Time    : 11:20:28
Command : Robot_toTooling_ActionType
TargetID: 1
-------------------------------------------------------
Time    : 11:20:32
Command : Tooling_PowerOn_ActionType
TargetID: 1
-------------------------------------------------------
Time    : 11:20:36
Command : Robot_updateTray_ActionType
TargetID: 0
-------------------------------------------------------
Time    : 11:20:40
Command : Robot_updateTray_ActionType
TargetID: 0
-------------------------------------------------------
Time    : 11:20:47
Command : Tooling_PowerOff_ActionType
TargetID: 3
-------------------------------------------------------
Time    : 11:20:51
Command : Robot_toFAIL_ActionType
TargetID: 3
-------------------------------------------------------
Time    : 11:20:55
Command : Robot_updateTray_ActionType
TargetID: 0
-------------------------------------------------------
Time    : 11:20:59
Command : Robot_toScan_ActionType
TargetID: 3
-------------------------------------------------------
Time    : 11:21:02
Command : CCD_StartScan_SN_ActionType
TargetID: 3
-------------------------------------------------------
Time    : 11:21:03
Command : Robot_toScanMAC_ActionType
TargetID: 3
-------------------------------------------------------
Time    : 11:21:06
Command : CCD_StartScan_MAC_ActionType
TargetID: 3
-------------------------------------------------------
Time    : 11:21:07
Command : Robot_toTooling_ActionType
TargetID: 3
-------------------------------------------------------
Time    : 11:21:11
Command : Tooling_PowerOn_ActionType
TargetID: 3
-------------------------------------------------------
Time    : 11:21:15
Command : Robot_updateTray_ActionType
TargetID: 0
-------------------------------------------------------
Time    : 11:35:52
Command : Tooling_PowerOff_ActionType
TargetID: 3
-------------------------------------------------------
Time    : 11:35:56
Command : Robot_toPASS_ActionType
TargetID: 3
-------------------------------------------------------
Time    : 11:36:00
Command : Robot_updateTray_ActionType
TargetID: 0
-------------------------------------------------------
Time    : 11:36:05
Command : Robot_toScan_ActionType
TargetID: 3
-------------------------------------------------------
Time    : 11:36:07
Command : CCD_StartScan_SN_ActionType
TargetID: 3
-------------------------------------------------------
Time    : 11:36:09
Command : Robot_toScanMAC_ActionType
TargetID: 3
-------------------------------------------------------
Time    : 11:36:11
Command : CCD_StartScan_MAC_ActionType
TargetID: 3
-------------------------------------------------------
Time    : 11:36:13
Command : Robot_toTooling_ActionType
TargetID: 3
-------------------------------------------------------
Time    : 11:36:17
Command : Tooling_PowerOn_ActionType
TargetID: 3
-------------------------------------------------------
Time    : 11:36:21
Command : Robot_updateTray_ActionType
TargetID: 0
-------------------------------------------------------
